0 info it worked if it ends with ok
1 verbose cli [ '/usr/local/bin/node',
1 verbose cli   '/usr/local/bin/npm',
1 verbose cli   'publish',
1 verbose cli   'express-sanitizer-0.1.0.tgz' ]
2 info using npm@1.3.21
3 info using node@v0.10.24
4 verbose publish [ 'express-sanitizer-0.1.0.tgz' ]
5 verbose cache add [ 'express-sanitizer-0.1.0.tgz', null ]
6 verbose cache add name=undefined spec="express-sanitizer-0.1.0.tgz" args=["express-sanitizer-0.1.0.tgz",null]
7 verbose parsed url { protocol: null,
7 verbose parsed url   slashes: null,
7 verbose parsed url   auth: null,
7 verbose parsed url   host: null,
7 verbose parsed url   port: null,
7 verbose parsed url   hostname: null,
7 verbose parsed url   hash: null,
7 verbose parsed url   search: null,
7 verbose parsed url   query: null,
7 verbose parsed url   pathname: 'express-sanitizer-0.1.0.tgz',
7 verbose parsed url   path: 'express-sanitizer-0.1.0.tgz',
7 verbose parsed url   href: 'express-sanitizer-0.1.0.tgz' }
8 silly lockFile a9968355-express-sanitizer-0-1-0-tgz express-sanitizer-0.1.0.tgz
9 verbose lock express-sanitizer-0.1.0.tgz /home/mark/.npm/a9968355-express-sanitizer-0-1-0-tgz.lock
10 verbose chmod /home/mark/tmp/npm-5733-ZD3SGrmE/1391910845939-0.8425218539778143/tmp.tgz 644
11 verbose tar unpack /home/mark/tmp/npm-5733-ZD3SGrmE/1391910845939-0.8425218539778143/tmp.tgz
12 silly lockFile 7c6f431d-45939-0-8425218539778143-package tar:///home/mark/tmp/npm-5733-ZD3SGrmE/1391910845939-0.8425218539778143/package
13 verbose lock tar:///home/mark/tmp/npm-5733-ZD3SGrmE/1391910845939-0.8425218539778143/package /home/mark/.npm/7c6f431d-45939-0-8425218539778143-package.lock
14 silly lockFile a61c6d56-45939-0-8425218539778143-tmp-tgz tar:///home/mark/tmp/npm-5733-ZD3SGrmE/1391910845939-0.8425218539778143/tmp.tgz
15 verbose lock tar:///home/mark/tmp/npm-5733-ZD3SGrmE/1391910845939-0.8425218539778143/tmp.tgz /home/mark/.npm/a61c6d56-45939-0-8425218539778143-tmp-tgz.lock
16 silly gunzTarPerm modes [ '755', '644' ]
17 silly gunzTarPerm extractEntry package.json
18 silly gunzTarPerm extractEntry README.md
19 silly gunzTarPerm extractEntry index.js
20 silly gunzTarPerm extractEntry lib/express-sanitizer.js
21 silly lockFile 7c6f431d-45939-0-8425218539778143-package tar:///home/mark/tmp/npm-5733-ZD3SGrmE/1391910845939-0.8425218539778143/package
22 silly lockFile 7c6f431d-45939-0-8425218539778143-package tar:///home/mark/tmp/npm-5733-ZD3SGrmE/1391910845939-0.8425218539778143/package
23 silly lockFile a61c6d56-45939-0-8425218539778143-tmp-tgz tar:///home/mark/tmp/npm-5733-ZD3SGrmE/1391910845939-0.8425218539778143/tmp.tgz
24 silly lockFile a61c6d56-45939-0-8425218539778143-tmp-tgz tar:///home/mark/tmp/npm-5733-ZD3SGrmE/1391910845939-0.8425218539778143/tmp.tgz
25 verbose tar pack [ '/home/mark/.npm/express-sanitizer/0.1.0/package.tgz',
25 verbose tar pack   '/home/mark/tmp/npm-5733-ZD3SGrmE/1391910845939-0.8425218539778143/package' ]
26 verbose tarball /home/mark/.npm/express-sanitizer/0.1.0/package.tgz
27 verbose folder /home/mark/tmp/npm-5733-ZD3SGrmE/1391910845939-0.8425218539778143/package
28 silly lockFile 7c6f431d-45939-0-8425218539778143-package tar:///home/mark/tmp/npm-5733-ZD3SGrmE/1391910845939-0.8425218539778143/package
29 verbose lock tar:///home/mark/tmp/npm-5733-ZD3SGrmE/1391910845939-0.8425218539778143/package /home/mark/.npm/7c6f431d-45939-0-8425218539778143-package.lock
30 silly lockFile 1a9d6d8d-ress-sanitizer-0-1-0-package-tgz tar:///home/mark/.npm/express-sanitizer/0.1.0/package.tgz
31 verbose lock tar:///home/mark/.npm/express-sanitizer/0.1.0/package.tgz /home/mark/.npm/1a9d6d8d-ress-sanitizer-0-1-0-package-tgz.lock
32 silly lockFile 7c6f431d-45939-0-8425218539778143-package tar:///home/mark/tmp/npm-5733-ZD3SGrmE/1391910845939-0.8425218539778143/package
33 silly lockFile 7c6f431d-45939-0-8425218539778143-package tar:///home/mark/tmp/npm-5733-ZD3SGrmE/1391910845939-0.8425218539778143/package
34 silly lockFile 1a9d6d8d-ress-sanitizer-0-1-0-package-tgz tar:///home/mark/.npm/express-sanitizer/0.1.0/package.tgz
35 silly lockFile 1a9d6d8d-ress-sanitizer-0-1-0-package-tgz tar:///home/mark/.npm/express-sanitizer/0.1.0/package.tgz
36 silly lockFile 8efb565d--express-sanitizer-0-1-0-package /home/mark/.npm/express-sanitizer/0.1.0/package
37 verbose lock /home/mark/.npm/express-sanitizer/0.1.0/package /home/mark/.npm/8efb565d--express-sanitizer-0-1-0-package.lock
38 silly lockFile 8efb565d--express-sanitizer-0-1-0-package /home/mark/.npm/express-sanitizer/0.1.0/package
39 silly lockFile 8efb565d--express-sanitizer-0-1-0-package /home/mark/.npm/express-sanitizer/0.1.0/package
40 verbose tar unpack /home/mark/.npm/express-sanitizer/0.1.0/package.tgz
41 silly lockFile 98be83ba--express-sanitizer-0-1-0-package tar:///home/mark/.npm/express-sanitizer/0.1.0/package
42 verbose lock tar:///home/mark/.npm/express-sanitizer/0.1.0/package /home/mark/.npm/98be83ba--express-sanitizer-0-1-0-package.lock
43 silly lockFile 1a9d6d8d-ress-sanitizer-0-1-0-package-tgz tar:///home/mark/.npm/express-sanitizer/0.1.0/package.tgz
44 verbose lock tar:///home/mark/.npm/express-sanitizer/0.1.0/package.tgz /home/mark/.npm/1a9d6d8d-ress-sanitizer-0-1-0-package-tgz.lock
45 silly gunzTarPerm modes [ '755', '644' ]
46 silly gunzTarPerm extractEntry package.json
47 silly gunzTarPerm extractEntry README.md
48 silly gunzTarPerm extractEntry index.js
49 silly gunzTarPerm extractEntry lib/express-sanitizer.js
50 silly lockFile 98be83ba--express-sanitizer-0-1-0-package tar:///home/mark/.npm/express-sanitizer/0.1.0/package
51 silly lockFile 98be83ba--express-sanitizer-0-1-0-package tar:///home/mark/.npm/express-sanitizer/0.1.0/package
52 silly lockFile 1a9d6d8d-ress-sanitizer-0-1-0-package-tgz tar:///home/mark/.npm/express-sanitizer/0.1.0/package.tgz
53 silly lockFile 1a9d6d8d-ress-sanitizer-0-1-0-package-tgz tar:///home/mark/.npm/express-sanitizer/0.1.0/package.tgz
54 verbose chmod /home/mark/.npm/express-sanitizer/0.1.0/package.tgz 644
55 verbose chown /home/mark/.npm/express-sanitizer/0.1.0/package.tgz [ 1000, 1000 ]
56 silly lockFile a9968355-express-sanitizer-0-1-0-tgz express-sanitizer-0.1.0.tgz
57 silly lockFile a9968355-express-sanitizer-0-1-0-tgz express-sanitizer-0.1.0.tgz
58 silly publish { name: 'express-sanitizer',
58 silly publish   description: 'Express middleware for the sanitizer module.',
58 silly publish   author: { name: 'Mark Andrews', email: 'mark3d@gmail.com' },
58 silly publish   version: '0.1.0',
58 silly publish   homepage: 'https://github.com/markau/express-sanitizer',
58 silly publish   repository:
58 silly publish    { type: 'git',
58 silly publish      url: 'git://github.com/markau/express-sanitizer.git' },
58 silly publish   license: 'MIT',
58 silly publish   main: './index.js',
58 silly publish   scripts: {},
58 silly publish   engines: { node: '*' },
58 silly publish   dependencies: { sanitizer: '0.1.1' },
58 silly publish   keywords: [ 'express', 'sanitize', 'sanitization', 'xss' ],
58 silly publish   bugs: { url: 'https://github.com/markau/express-sanitizer/issues' },
58 silly publish   _id: 'express-sanitizer@0.1.0',
58 silly publish   _from: 'express-sanitizer-0.1.0.tgz',
58 silly publish   readme: '# express-sanitizer\n\n[![Build Status](https://secure.travis-ci.org/markau/express-sanitizer.png)](http://travis-ci.org/markau/express-sanitizer)\n\nAn express middleware for [Caja-HTML-Sanitizer](https://github.com/theSmaw/Caja-HTML-Sanitizer), which wraps [Google Caja sanitizer](https://code.google.com/p/google-caja/wiki/JsHtmlSanitizer).  \n\nA useful complement to the [express-validator](https://github.com/ctavan/express-validator) to fill a gap now that XSS sanitization support has been removed from that module\'s parent [node-validator](https://github.com/chriso/node-validator).\n\n## Installation\n\n```\nnpm install express-sanitizer\n```\n\n## Usage\n\nNeeds to be called after express.bodyParser() and before anything that requires the sanitized input, e.g.:\n\n```javascript\nvar express = require(\'express\'),\n    expressSanitizer = require(\'express-sanitizer\');\n\napp.use(express.bodyParser());\napp.use(expressSanitizer([options])); // this line must be immediately after express.bodyParser()!\n```\n\n```javascript\napp.post(\'/:urlparam\', function(req, res) {\n  //validation here\n\n  // replace an HTTP posted body property \'propertyToSanitize\' with the sanitized string\n  req.body.propertyToSanitize = req.sanitize(req.param(\'propertyToSanitize\'));\n});\n\n```\n\n## Output\n\nThe string \n```javascript\n\'<script>hello</script> world\'\n```\nwill be sanitized to \' world\'.\n\n## Limitations\n\nThis is a basic implementation of [Caja-HTML-Sanitizer](https://github.com/theSmaw/Caja-HTML-Sanitizer) with the specific purpose of mitigating against persistent XSS risks. \n\n## Caveats\n\nThis module trusts the dependencies to provide basic persistent XSS risk mitigation. A user of this package should review all packages and make their own decision on security and fitness for purpose. \n\n## Changelog\n\n### v0.1.0\n- Initial release\n\n## Contributors\n\n- Mark Andrews <mark3d@gmail.com> - Wrap the sanitizer in an npm package\n\n## License\n\nCopyright (c) 2014 Mark Andrews <mark3d@gmail.com>, MIT License\n\n',
58 silly publish   readmeFilename: 'README.md',
58 silly publish   dist: { shasum: '3c6f3cc84d17085f4286cbdb235199c18b4552c4' },
58 silly publish   _resolved: 'express-sanitizer-0.1.0.tgz' }
59 info prepublish express-sanitizer@0.1.0
60 error need auth auth and email required for publishing
60 error need auth You need to authorize this machine using `npm adduser`
61 error System Linux 3.11.0-12-generic
62 error command "/usr/local/bin/node" "/usr/local/bin/npm" "publish" "express-sanitizer-0.1.0.tgz"
63 error cwd /home/mark/dev/backup_20140209/express-sanitizer
64 error node -v v0.10.24
65 error npm -v 1.3.21
66 error code ENEEDAUTH
67 verbose exit [ 1, true ]
